On branch seo_deploy
Your branch is up to date with 'origin/seo_deploy'.

Changes not staged for commit:
  (use "git add <file>..." to update what will be committed)
  (use "git restore <file>..." to discard changes in working directory)
	modified:   inventory.yml
	modified:   inventory/default/group_vars/all/10-default.yml
	modified:   roles/infrastructure/docker/tasks/install_debian.yml
	modified:   roles/kubernetes/cni/multus/controlplane/tasks/multus.yml
	modified:   roles/kubernetes/harbor_registry/controlplane/tasks/main.yml
	modified:   roles/kubernetes/harbor_registry/node/tasks/main.yml

Untracked files:
  (use "git add <file>..." to include in what will be committed)
	date.log
	git_diff.log
	git_log_-n100.log
	git_status.log
	inventory/automated/
	logs/

no changes added to commit (use "git add" and/or "git commit -a")
